2023-01-25 11:09:31 error: [Cake\Database\Exception\DatabaseException] SQLSTATE[42S02]: Base table or view not found: 1146 Table 'ecommerce.comments' doesn't exist in /var/www/html/associations/vendor/cakephp/cakephp/src/Database/Schema/Collection.php on line 160
Stack Trace:
- /var/www/html/associations/vendor/cakephp/cakephp/src/Database/Schema/Collection.php:118
- /var/www/html/associations/vendor/cakephp/cakephp/src/ORM/Table.php:521
- /var/www/html/associations/vendor/cakephp/bake/src/Command/ModelCommand.php:111
- /var/www/html/associations/vendor/cakephp/bake/src/Command/ModelCommand.php:94
- /var/www/html/associations/vendor/cakephp/cakephp/src/Console/BaseCommand.php:189
- /var/www/html/associations/vendor/cakephp/cakephp/src/Console/CommandRunner.php:334
- /var/www/html/associations/vendor/cakephp/cakephp/src/Console/CommandRunner.php:172
- /var/www/html/associations/bin/cake.php:12

Caused by: [PDOException] SQLSTATE[42S02]: Base table or view not found: 1146 Table 'ecommerce.comments' doesn't exist in /var/www/html/associations/vendor/cakephp/cakephp/src/Database/Statement/MysqlStatement.php on line 39
Stack Trace:
- /var/www/html/associations/vendor/cakephp/cakephp/src/Database/Statement/MysqlStatement.php:39
- /var/www/html/associations/vendor/cakephp/cakephp/src/Database/Connection.php:329
- /var/www/html/associations/vendor/cakephp/cakephp/src/Core/Retry/CommandRetry.php:70
- /var/www/html/associations/vendor/cakephp/cakephp/src/Database/Connection.php:332
- /var/www/html/associations/vendor/cakephp/cakephp/src/Database/Schema/Collection.php:158
- /var/www/html/associations/vendor/cakephp/cakephp/src/Database/Schema/Collection.php:118
- /var/www/html/associations/vendor/cakephp/cakephp/src/ORM/Table.php:521
- /var/www/html/associations/vendor/cakephp/bake/src/Command/ModelCommand.php:111
- /var/www/html/associations/vendor/cakephp/bake/src/Command/ModelCommand.php:94
- /var/www/html/associations/vendor/cakephp/cakephp/src/Console/BaseCommand.php:189
- /var/www/html/associations/vendor/cakephp/cakephp/src/Console/CommandRunner.php:334
- /var/www/html/associations/vendor/cakephp/cakephp/src/Console/CommandRunner.php:172
- /var/www/html/associations/bin/cake.php:12

